#
# There is insufficient memory for the Java Runtime Environment to continue.
# Native memory allocation (malloc) failed to allocate 1297616 bytes for Chunk::new
# Possible reasons:
#   The system is out of physical RAM or swap space
#   The process is running with CompressedOops enabled, and the Java Heap may be blocking the growth of the native heap
# Possible solutions:
#   Reduce memory load on the system
#   Increase physical memory or swap space
#   Check if swap backing store is full
#   Decrease Java heap size (-Xmx/-Xms)
#   Decrease number of Java threads
#   Decrease Java thread stack sizes (-Xss)
#   Set larger code cache with -XX:ReservedCodeCacheSize=
#   JVM is running with Unscaled Compressed Oops mode in which the Java heap is
#     placed in the first 4GB address space. The Java Heap base address is the
#     maximum limit for the native heap growth. Please use -XX:HeapBaseMinAddress
#     to set the Java Heap base and to place the Java Heap above 4GB virtual address.
# This output file may be truncated or incomplete.
#
#  Out of Memory Error (arena.cpp:189), pid=54756, tid=48340
#
# JRE version: OpenJDK Runtime Environment Temurin-17.0.5+8 (17.0.5+8) (build 17.0.5+8)
# Java VM: OpenJDK 64-Bit Server VM Temurin-17.0.5+8 (17.0.5+8, mixed mode, tiered, compressed oops, compressed class ptrs, g1 gc, windows-amd64)
# No core dump will be written. Minidumps are not enabled by default on client versions of Windows
#

---------------  S U M M A R Y ------------

Command Line: -ea -Dfile.encoding=UTF-8 -XX:+ShowCodeDetailsInExceptionMessages -Xmx512M org.testng.remote.RemoteTestNG -serport 60324 -protocol json -d C:\Users\aisha\eclipse-workspace\qa\test-output C:\Users\aisha\AppData\Local\Temp\testng-eclipse-1917419154\testng-customsuite.xml

Host: AMD Ryzen 3 5300U with Radeon Graphics         , 8 cores, 7G,  Windows 11 , 64 bit Build 22621 (10.0.22621.2428)
Time: Wed Feb 28 22:01:51 2024 India Standard Time elapsed time: 12.570235 seconds (0d 0h 0m 12s)

---------------  T H R E A D  ---------------

Current thread (0x000001c9eec05850):  JavaThread "C2 CompilerThread0" daemon [_thread_in_native, id=48340, stack(0x000000aa69a00000,0x000000aa69b00000)]


Current CompileTask:
C2:  12570 2435       4       sun.reflect.annotation.AnnotationInvocationHandler::memberValueToString (375 bytes)

Stack: [0x000000aa69a00000,0x000000aa69b00000]
Native frames: (J=compiled Java code, j=interpreted, Vv=VM code, C=native code)
V  [jvm.dll+0x676b3a]
V  [jvm.dll+0x831444]
V  [jvm.dll+0x832bee]
V  [jvm.dll+0x833253]
V  [jvm.dll+0x244ce5]
V  [jvm.dll+0xabbac]
V  [jvm.dll+0xac17c]
V  [jvm.dll+0x362d02]
V  [jvm.dll+0x32d591]
V  [jvm.dll+0x32ca3a]
V  [jvm.dll+0x217b51]
V  [jvm.dll+0x216f71]
V  [jvm.dll+0x1a343d]
V  [jvm.dll+0x22698a]
V  [jvm.dll+0x224ac5]
V  [jvm.dll+0x7e727b]
V  [jvm.dll+0x7e17ea]
V  [jvm.dll+0x6759e5]
C  [ucrtbase.dll+0x29363]
C  [KERNEL32.DLL+0x1257d]
C  [ntdll.dll+0x5aa78]


---------------  P R O C E S S  ---------------

Threads class SMR info:
_java_thread_list=0x000001c9f01f76f0, length=32, elements={
0x000001c9d79d7140, 0x000001c9ee0e2020, 0x000001c9ee0e3020, 0x000001c9ee114280,
0x000001c9ee114f00, 0x000001c9ee1194e0, 0x000001c9eec00820, 0x000001c9eec05850,
0x000001c9eec08900, 0x000001c9eec0b190, 0x000001c9eed6f050, 0x000001c9eed88ea0,
0x000001c9ef765b30, 0x000001c9efe0dd10, 0x000001c9efa42dc0, 0x000001c9ef9fbfc0,
0x000001c9ef9fc890, 0x000001c9efd1a9f0, 0x000001c9efe72200, 0x000001c9efb34e50,
0x000001c9efb33640, 0x000001c9efb35320, 0x000001c9efb357f0, 0x000001c9efb32300,
0x000001c9efb31e30, 0x000001c9efb327d0, 0x000001c9efb344b0, 0x000001c9efb32ca0,
0x000001c9efb34980, 0x000001c9efb33170, 0x000001c9efb33b10, 0x000001c9f048b510
}

Java Threads: ( => current thread )
  0x000001c9d79d7140 JavaThread "Forwarding findElement on session 6c8d17ea5e7e5e07cfd91fa18a007f22 to remote" [_thread_blocked, id=53696, stack(0x000000aa68d00000,0x000000aa68e00000)]
  0x000001c9ee0e2020 JavaThread "Reference Handler" daemon [_thread_blocked, id=31924, stack(0x000000aa69400000,0x000000aa69500000)]
  0x000001c9ee0e3020 JavaThread "Finalizer" daemon [_thread_blocked, id=21760, stack(0x000000aa69500000,0x000000aa69600000)]
  0x000001c9ee114280 JavaThread "Signal Dispatcher" daemon [_thread_blocked, id=49544, stack(0x000000aa69600000,0x000000aa69700000)]
  0x000001c9ee114f00 JavaThread "Attach Listener" daemon [_thread_blocked, id=55248, stack(0x000000aa69700000,0x000000aa69800000)]
  0x000001c9ee1194e0 JavaThread "Service Thread" daemon [_thread_blocked, id=15656, stack(0x000000aa69800000,0x000000aa69900000)]
  0x000001c9eec00820 JavaThread "Monitor Deflation Thread" daemon [_thread_blocked, id=53140, stack(0x000000aa69900000,0x000000aa69a00000)]
=>0x000001c9eec05850 JavaThread "C2 CompilerThread0" daemon [_thread_in_native, id=48340, stack(0x000000aa69a00000,0x000000aa69b00000)]
  0x000001c9eec08900 JavaThread "C1 CompilerThread0" daemon [_thread_in_vm, id=7796, stack(0x000000aa69b00000,0x000000aa69c00000)]
  0x000001c9eec0b190 JavaThread "Sweeper thread" daemon [_thread_blocked, id=17676, stack(0x000000aa69c00000,0x000000aa69d00000)]
  0x000001c9eed6f050 JavaThread "Notification Thread" daemon [_thread_blocked, id=48396, stack(0x000000aa69d00000,0x000000aa69e00000)]
  0x000001c9eed88ea0 JavaThread "Common-Cleaner" daemon [_thread_blocked, id=18820, stack(0x000000aa69f00000,0x000000aa6a000000)]
  0x000001c9ef765b30 JavaThread "ReaderThread" [_thread_in_native, id=18352, stack(0x000000aa6a200000,0x000000aa6a300000)]
  0x000001c9efe0dd10 JavaThread "ForkJoinPool.commonPool-worker-1" daemon [_thread_blocked, id=54312, stack(0x000000aa6a900000,0x000000aa6aa00000)]
  0x000001c9efa42dc0 JavaThread "ForkJoinPool.commonPool-worker-2" daemon [_thread_blocked, id=35920, stack(0x000000aa6aa00000,0x000000aa6ab00000)]
  0x000001c9ef9fbfc0 JavaThread "ForkJoinPool.commonPool-worker-3" daemon [_thread_blocked, id=44368, stack(0x000000aa6ab00000,0x000000aa6ac00000)]
  0x000001c9ef9fc890 JavaThread "ForkJoinPool.commonPool-worker-4" daemon [_thread_blocked, id=44044, stack(0x000000aa6ac00000,0x000000aa6ad00000)]
  0x000001c9efd1a9f0 JavaThread "ForkJoinPool.commonPool-worker-5" daemon [_thread_blocked, id=54008, stack(0x000000aa6ad00000,0x000000aa6ae00000)]
  0x000001c9efe72200 JavaThread "ForkJoinPool.commonPool-worker-6" daemon [_thread_blocked, id=49808, stack(0x000000aa6ae00000,0x000000aa6af00000)]
  0x000001c9efb34e50 JavaThread "ForkJoinPool.commonPool-worker-7" daemon [_thread_blocked, id=49472, stack(0x000000aa6af00000,0x000000aa6b000000)]
  0x000001c9efb33640 JavaThread "HttpClient-1-SelectorManager" daemon [_thread_in_native, id=49188, stack(0x000000aa6b000000,0x000000aa6b100000)]
  0x000001c9efb35320 JavaThread "External Process Output Forwarder - C:\Users\aisha\eclipse-workspace\SeleniumWebDriver2\Driver\chromedriver.exe" daemon [_thread_in_native, id=44060, stack(0x000000aa6b300000,0x000000aa6b400000)]
  0x000001c9efb357f0 JavaThread "Driver Service Executor" daemon [_thread_blocked, id=14980, stack(0x000000aa6b400000,0x000000aa6b500000)]
  0x000001c9efb32300 JavaThread "Driver Service Executor" daemon [_thread_in_native, id=30588, stack(0x000000aa6b500000,0x000000aa6b600000)]
  0x000001c9efb31e30 JavaThread "UrlChecker-2" daemon [_thread_blocked, id=4360, stack(0x000000aa6b600000,0x000000aa6b700000)]
  0x000001c9efb327d0 JavaThread "pool-1-thread-1" [_thread_blocked, id=53968, stack(0x000000aa6b800000,0x000000aa6b900000)]
  0x000001c9efb344b0 JavaThread "pool-1-thread-2" [_thread_blocked, id=21696, stack(0x000000aa6b900000,0x000000aa6ba00000)]
  0x000001c9efb32ca0 JavaThread "pool-1-thread-3" [_thread_blocked, id=3224, stack(0x000000aa6ba00000,0x000000aa6bb00000)]
  0x000001c9efb34980 JavaThread "HttpClient-2-SelectorManager" daemon [_thread_in_native, id=44488, stack(0x000000aa6a000000,0x000000aa6a100000)]
  0x000001c9efb33170 JavaThread "pool-2-thread-1" [_thread_blocked, id=43444, stack(0x000000aa6bb00000,0x000000aa6bc00000)]
  0x000001c9efb33b10 JavaThread "pool-2-thread-2" [_thread_blocked, id=51328, stack(0x000000aa6bc00000,0x000000aa6bd00000)]
  0x000001c9f048b510 JavaThread "pool-2-thread-3" [_thread_blocked, id=53256, stack(0x000000aa6bd00000,0x000000aa6be00000)]

Other Threads:
  0x000001c9ee0ca450 VMThread "VM Thread" [stack: 0x000000aa69300000,0x000000aa69400000] [id=52576]
  0x000001c9d7a14fa0 WatcherThread [stack: 0x000000aa69e00000,0x000000aa69f00000] [id=43004]
  0x000001c9d7a07420 GCTaskThread "GC Thread#0" [stack: 0x000000aa68e00000,0x000000aa68f00000] [id=53680]
  0x000001c9efa41060 GCTaskThread "GC Thread#1" [stack: 0x000000aa6a300000,0x000000aa6a400000] [id=35520]
  0x000001c9ef9de050 GCTaskThread "GC Thread#2" [stack: 0x000000aa6a400000,0x000000aa6a500000] [id=51288]
  0x000001c9efaf3b90 GCTaskThread "GC Thread#3" [stack: 0x000000aa6a500000,0x000000aa6a600000] [id=49408]
  0x000001c9ef9f3c00 GCTaskThread "GC Thread#4" [stack: 0x000000aa6a600000,0x000000aa6a700000] [id=36584]
  0x000001c9efb198b0 GCTaskThread "GC Thread#5" [stack: 0x000000aa6a700000,0x000000aa6a800000] [id=48764]
  0x000001c9efb19b60 GCTaskThread "GC Thread#6" [stack: 0x000000aa6a800000,0x000000aa6a900000] [id=54680]
  0x000001c9efc36660 GCTaskThread "GC Thread#7" [stack: 0x000000aa6b100000,0x000000aa6b200000] [id=49708]
  0x000001c9d7a0ca10 ConcurrentGCThread "G1 Main Marker" [stack: 0x000000aa68f00000,0x000000aa69000000] [id=52684]
  0x000001c9d7a0d940 ConcurrentGCThread "G1 Conc#0" [stack: 0x000000aa69000000,0x000000aa69100000] [id=1172]
  0x000001c9efc75840 ConcurrentGCThread "G1 Conc#1" [stack: 0x000000aa6b200000,0x000000aa6b300000] [id=41640]
  0x000001c9d7a83ee0 ConcurrentGCThread "G1 Refine#0" [stack: 0x000000aa69100000,0x000000aa69200000] [id=1112]
  0x000001c9d7a84810 ConcurrentGCThread "G1 Service" [stack: 0x000000aa69200000,0x000000aa69300000] [id=28836]

Threads with active compile tasks:
C2 CompilerThread0    12619 2435       4       sun.reflect.annotation.AnnotationInvocationHandler::memberValueToString (375 bytes)

VM state: not at safepoint (normal execution)

VM Mutex/Monitor currently owned by a thread: None

Heap address: 0x00000000e0000000, size: 512 MB, Compressed Oops mode: 32-bit

CDS archive(s) not mapped
Compressed class space mapped at: 0x0000000100000000-0x0000000140000000, reserved size: 1073741824
Narrow klass base: 0x0000000000000000, Narrow klass shift: 3, Narrow klass range: 0x140000000

GC Precious Log:
 CPUs: 8 total, 8 available
 Memory: 7502M
 Large Page Support: Disabled
 NUMA Support: Disabled
 Compressed Oops: Enabled (32-bit)
 Heap Region Size: 1M
 Heap Min Capacity: 8M
 Heap Initial Capacity: 118M
 Heap Max Capacity: 512M
 Pre-touch: Disabled
 Parallel Workers: 8
 Concurrent Workers: 2
 Concurrent Refinement Workers: 8
 Periodic GC: Disabled

Heap:
 garbage-first heap   total 55296K, used 35460K [0x00000000e0000000, 0x0000000100000000)
  region size 1024K, 26 young (26624K), 4 survivors (4096K)
 Metaspace       used 25448K, committed 25792K, reserved 1073152K
  class space    used 2837K, committed 3008K, reserved 1048576K

Heap Regions: E=young(eden), S=young(survivor), O=old, HS=humongous(starts), HC=humongous(continues), CS=collection set, F=free, OA=open archive, CA=closed archive, TAMS=top-at-mark-start (previous, next)
|   0|0x00000000e0000000, 0x00000000e0100000, 0x00000000e0100000|100%|HS|  |TAMS 0x00000000e0100000, 0x00000000e0000000| Complete 
|   1|0x00000000e0100000, 0x00000000e0200000, 0x00000000e0200000|100%|HS|  |TAMS 0x00000000e0200000, 0x00000000e0100000| Complete 
|   2|0x00000000e0200000, 0x00000000e0300000, 0x00000000e0300000|100%|HC|  |TAMS 0x00000000e0300000, 0x00000000e0200000| Complete 
|   3|0x00000000e0300000, 0x00000000e0400000, 0x00000000e0400000|100%|HC|  |TAMS 0x00000000e0400000, 0x00000000e0300000| Complete 
|   4|0x00000000e0400000, 0x00000000e0500000, 0x00000000e0500000|100%| O|  |TAMS 0x00000000e0500000, 0x00000000e0400000| Untracked 
|   5|0x00000000e0500000, 0x00000000e0600000, 0x00000000e0600000|100%| O|  |TAMS 0x00000000e0600000, 0x00000000e0500000| Untracked 
|   6|0x00000000e0600000, 0x00000000e0700000, 0x00000000e0700000|100%| O|  |TAMS 0x00000000e0700000, 0x00000000e0600000| Untracked 
|   7|0x00000000e0700000, 0x00000000e0800000, 0x00000000e0800000|100%| O|  |TAMS 0x00000000e0794000, 0x00000000e0700000| Untracked 
|   8|0x00000000e0800000, 0x00000000e0900000, 0x00000000e0900000|100%| O|  |TAMS 0x00000000e0800000, 0x00000000e0800000| Untracked 
|   9|0x00000000e0900000, 0x00000000e0a00000, 0x00000000e0a00000|100%| O|  |TAMS 0x00000000e0900000, 0x00000000e0900000| Untracked 
|  10|0x00000000e0a00000, 0x00000000e0a82a00, 0x00000000e0b00000| 51%| O|  |TAMS 0x00000000e0a00000, 0x00000000e0a00000| Untracked 
|  11|0x00000000e0b00000, 0x00000000e0b00000, 0x00000000e0c00000|  0%| F|  |TAMS 0x00000000e0b00000, 0x00000000e0b00000| Untracked 
|  12|0x00000000e0c00000, 0x00000000e0c00000, 0x00000000e0d00000|  0%| F|  |TAMS 0x00000000e0c00000, 0x00000000e0c00000| Untracked 
|  13|0x00000000e0d00000, 0x00000000e0d00000, 0x00000000e0e00000|  0%| F|  |TAMS 0x00000000e0d00000, 0x00000000e0d00000| Untracked 
|  14|0x00000000e0e00000, 0x00000000e0e00000, 0x00000000e0f00000|  0%| F|  |TAMS 0x00000000e0e00000, 0x00000000e0e00000| Untracked 
|  15|0x00000000e0f00000, 0x00000000e0f00000, 0x00000000e1000000|  0%| F|  |TAMS 0x00000000e0f00000, 0x00000000e0f00000| Untracked 
|  16|0x00000000e1000000, 0x00000000e1000000, 0x00000000e1100000|  0%| F|  |TAMS 0x00000000e1000000, 0x00000000e1000000| Untracked 
|  17|0x00000000e1100000, 0x00000000e1100000, 0x00000000e1200000|  0%| F|  |TAMS 0x00000000e1100000, 0x00000000e1100000| Untracked 
|  18|0x00000000e1200000, 0x00000000e1200000, 0x00000000e1300000|  0%| F|  |TAMS 0x00000000e1200000, 0x00000000e1200000| Untracked 
|  19|0x00000000e1300000, 0x00000000e1300000, 0x00000000e1400000|  0%| F|  |TAMS 0x00000000e1300000, 0x00000000e1300000| Untracked 
|  20|0x00000000e1400000, 0x00000000e1400000, 0x00000000e1500000|  0%| F|  |TAMS 0x00000000e1400000, 0x00000000e1400000| Untracked 
|  21|0x00000000e1500000, 0x00000000e1500000, 0x00000000e1600000|  0%| F|  |TAMS 0x00000000e1500000, 0x00000000e1500000| Untracked 
|  22|0x00000000e1600000, 0x00000000e1600000, 0x00000000e1700000|  0%| F|  |TAMS 0x00000000e1600000, 0x00000000e1600000| Untracked 
|  23|0x00000000e1700000, 0x00000000e1700000, 0x00000000e1800000|  0%| F|  |TAMS 0x00000000e1700000, 0x00000000e1700000| Untracked 
|  24|0x00000000e1800000, 0x00000000e1800000, 0x00000000e1900000|  0%| F|  |TAMS 0x00000000e1800000, 0x00000000e1800000| Untracked 
|  25|0x00000000e1900000, 0x00000000e1900000, 0x00000000e1a00000|  0%| F|  |TAMS 0x00000000e1900000, 0x00000000e1900000| Untracked 
|  26|0x00000000e1a00000, 0x00000000e1a00000, 0x00000000e1b00000|  0%| F|  |TAMS 0x00000000e1a00000, 0x00000000e1a00000| Untracked 
|  27|0x00000000e1b00000, 0x00000000e1b00000, 0x00000000e1c00000|  0%| F|  |TAMS 0x00000000e1b00000, 0x00000000e1b00000| Untracked 
|  28|0x00000000e1c00000, 0x00000000e1c2e960, 0x00000000e1d00000| 18%| E|  |TAMS 0x00000000e1c00000, 0x00000000e1c00000| Complete 
|  29|0x00000000e1d00000, 0x00000000e1e00000, 0x00000000e1e00000|100%| E|CS|TAMS 0x00000000e1d00000, 0x00000000e1d00000| Complete 
|  30|0x00000000e1e00000, 0x00000000e1f00000, 0x00000000e1f00000|100%| E|CS|TAMS 0x00000000e1e00000, 0x00000000e1e00000| Complete 
|  31|0x00000000e1f00000, 0x00000000e2000000, 0x00000000e2000000|100%| E|CS|TAMS 0x00000000e1f00000, 0x00000000e1f00000| Complete 
|  32|0x00000000e2000000, 0x00000000e2100000, 0x00000000e2100000|100%| E|CS|TAMS 0x00000000e2000000, 0x00000000e2000000| Complete 
|  33|0x00000000e2100000, 0x00000000e2200000, 0x00000000e2200000|100%| E|CS|TAMS 0x00000000e2100000, 0x00000000e2100000| Complete 
|  34|0x00000000e2200000, 0x00000000e2300000, 0x00000000e2300000|100%| E|CS|TAMS 0x00000000e2200000, 0x00000000e2200000| Complete 
|  35|0x00000000e2300000, 0x00000000e2400000, 0x00000000e2400000|100%| E|CS|TAMS 0x00000000e2300000, 0x00000000e2300000| Complete 
|  36|0x00000000e2400000, 0x00000000e2500000, 0x00000000e2500000|100%| E|CS|TAMS 0x00000000e2400000, 0x00000000e2400000| Complete 
|  37|0x00000000e2500000, 0x00000000e2600000, 0x00000000e2600000|100%| E|CS|TAMS 0x00000000e2500000, 0x00000000e2500000| Complete 
|  38|0x00000000e2600000, 0x00000000e2700000, 0x00000000e2700000|100%| E|CS|TAMS 0x00000000e2600000, 0x00000000e2600000| Complete 
|  39|0x00000000e2700000, 0x00000000e2800000, 0x00000000e2800000|100%| E|CS|TAMS 0x00000000e2700000, 0x00000000e2700000| Complete 
|  40|0x00000000e2800000, 0x00000000e2900000, 0x00000000e2900000|100%| E|CS|TAMS 0x00000000e2800000, 0x00000000e2800000| Complete 
|  41|0x00000000e2900000, 0x00000000e2a00000, 0x00000000e2a00000|100%| E|CS|TAMS 0x00000000e2900000, 0x00000000e2900000| Complete 
|  42|0x00000000e2a00000, 0x00000000e2b00000, 0x00000000e2b00000|100%| E|CS|TAMS 0x00000000e2a00000, 0x00000000e2a00000| Complete 
|  43|0x00000000e2b00000, 0x00000000e2c00000, 0x00000000e2c00000|100%| E|CS|TAMS 0x00000000e2b00000, 0x00000000e2b00000| Complete 
|  44|0x00000000e2c00000, 0x00000000e2d00000, 0x00000000e2d00000|100%| E|CS|TAMS 0x00000000e2c00000, 0x00000000e2c00000| Complete 
|  45|0x00000000e2d00000, 0x00000000e2e00000, 0x00000000e2e00000|100%| E|CS|TAMS 0x00000000e2d00000, 0x00000000e2d00000| Complete 
|  46|0x00000000e2e00000, 0x00000000e2f00000, 0x00000000e2f00000|100%| E|CS|TAMS 0x00000000e2e00000, 0x00000000e2e00000| Complete 
|  47|0x00000000e2f00000, 0x00000000e3000000, 0x00000000e3000000|100%| E|CS|TAMS 0x00000000e2f00000, 0x00000000e2f00000| Complete 
|  48|0x00000000e3000000, 0x00000000e3100000, 0x00000000e3100000|100%| E|CS|TAMS 0x00000000e3000000, 0x00000000e3000000| Complete 
|  95|0x00000000e5f00000, 0x00000000e5f1e620, 0x00000000e6000000| 11%| S|CS|TAMS 0x00000000e5f00000, 0x00000000e5f00000| Complete 
|  96|0x00000000e6000000, 0x00000000e6100000, 0x00000000e6100000|100%| S|CS|TAMS 0x00000000e6000000, 0x00000000e6000000| Complete 
|  97|0x00000000e6100000, 0x00000000e6200000, 0x00000000e6200000|100%| S|CS|TAMS 0x00000000e6100000, 0x00000000e6100000| Complete 
|  98|0x00000000e6200000, 0x00000000e6300000, 0x00000000e6300000|100%| S|CS|TAMS 0x00000000e6200000, 0x00000000e6200000| Complete 
| 117|0x00000000e7500000, 0x00000000e7600000, 0x00000000e7600000|100%| E|CS|TAMS 0x00000000e7500000, 0x00000000e7500000| Complete 

Card table byte_map: [0x000001c9ea4b0000,0x000001c9ea5b0000] _byte_map_base: 0x000001c9e9db0000

Marking Bits (Prev, Next): (CMBitMap*) 0x000001c9d7a07980, (CMBitMap*) 0x000001c9d7a07940
 Prev Bits: [0x000001c9eaeb0000, 0x000001c9eb6b0000)
 Next Bits: [0x000001c9ea6b0000, 0x000001c9eaeb0000)

Polling page: 0x000001c9d5950000

Metaspace:

Usage:
  Non-class:     22.08 MB used.
      Class:      2.77 MB used.
       Both:     24.85 MB used.

Virtual space:
  Non-class space:       24.00 MB reserved,      22.25 MB ( 93%) committed,  3 nodes.
      Class space:        1.00 GB reserved,       2.94 MB ( <1%) committed,  1 nodes.
             Both:        1.02 GB reserved,      25.19 MB (  2%) committed. 

Chunk freelists:
   Non-Class:  1.16 MB
       Class:  1.07 MB
        Both:  2.23 MB

MaxMetaspaceSize: unlimited
CompressedClassSpaceSize: 1.00 GB
Initial GC threshold: 21.00 MB
Current GC threshold: 35.25 MB
CDS: off
MetaspaceReclaimPolicy: balanced
 - commit_granule_bytes: 65536.
 - commit_granule_words: 8192.
 - virtual_space_node_default_size: 1048576.
 - enlarge_chunks_in_place: 1.
 - new_chunks_are_fully_committed: 0.
 - uncommit_free_chunks: 1.
 - use_allocation_guard: 0.
 - handle_deallocations: 1.


Internal statistics:

num_allocs_failed_limit: 3.
num_arena_births: 366.
num_arena_deaths: 0.
num_vsnodes_births: 4.
num_vsnodes_deaths: 0.
num_space_committed: 403.
num_space_uncommitted: 0.
num_chunks_returned_to_freelist: 3.
num_chunks_taken_from_freelist: 849.
num_chunk_merges: 3.
num_chunk_splits: 504.
num_chunks_enlarged: 315.
num_purges: 0.
num_inconsistent_stats: 0.

CodeHeap 'non-profiled nmethods': size=120000Kb used=915Kb max_used=915Kb free=119085Kb
 bounds [0x000001c9e2b50000, 0x000001c9e2dc0000, 0x000001c9ea080000]
CodeHeap 'profiled nmethods': size=120000Kb used=4777Kb max_used=4777Kb free=115222Kb
 bounds [0x000001c9db620000, 0x000001c9dbad0000, 0x000001c9e2b50000]
CodeHeap 'non-nmethods': size=5760Kb used=1237Kb max_used=1255Kb free=4522Kb
 bounds [0x000001c9db080000, 0x000001c9db2f0000, 0x000001c9db620000]
 total_blobs=3038 nmethods=2490 adapters=460
 compilation: enabled
              stopped_count=0, restarted_count=0
 full_count=0

Compilation events (20 events):
Event: 12.435 Thread 0x000001c9eec08900 nmethod 2454 0x000001c9dbab1590 code [0x000001c9dbab1720, 0x000001c9dbab1878]
Event: 12.435 Thread 0x000001c9eec08900 2455       3       java.util.concurrent.locks.LockSupport::setBlocker (12 bytes)
Event: 12.435 Thread 0x000001c9eec08900 nmethod 2455 0x000001c9dbab1910 code [0x000001c9dbab1ac0, 0x000001c9dbab1cc8]
Event: 12.435 Thread 0x000001c9eec08900 2456       3       java.util.TreeMap$PrivateEntryIterator::<init> (28 bytes)
Event: 12.435 Thread 0x000001c9eec08900 nmethod 2456 0x000001c9dbab1d90 code [0x000001c9dbab1f40, 0x000001c9dbab2198]
Event: 12.559 Thread 0x000001c9eec08900 2457       1       jdk.internal.net.http.SocketTube$SocketFlowEvent::interestOps (5 bytes)
Event: 12.559 Thread 0x000001c9eec08900 nmethod 2457 0x000001c9e2c34310 code [0x000001c9e2c344a0, 0x000001c9e2c34578]
Event: 12.559 Thread 0x000001c9eec08900 2458       3       java.util.Optional::empty (6 bytes)
Event: 12.560 Thread 0x000001c9eec08900 nmethod 2458 0x000001c9dbab2290 code [0x000001c9dbab2420, 0x000001c9dbab2518]
Event: 12.560 Thread 0x000001c9eec08900 2459       3       java.util.Formatter$FormatSpecifier::printString (107 bytes)
Event: 12.561 Thread 0x000001c9eec08900 nmethod 2459 0x000001c9dbab2590 code [0x000001c9dbab2860, 0x000001c9dbab37b8]
Event: 12.561 Thread 0x000001c9eec08900 2460       3       java.util.Formatter$FormatSpecifier::print (62 bytes)
Event: 12.562 Thread 0x000001c9eec08900 nmethod 2460 0x000001c9dbab3d10 code [0x000001c9dbab3f80, 0x000001c9dbab4998]
Event: 12.562 Thread 0x000001c9eec08900 2461       3       org.testng.shaded.com.google.gson.TypeAdapter::<init> (5 bytes)
Event: 12.562 Thread 0x000001c9eec08900 nmethod 2461 0x000001c9dbab4d90 code [0x000001c9dbab4f20, 0x000001c9dbab5078]
Event: 12.562 Thread 0x000001c9eec08900 2462       3       org.testng.shaded.com.google.gson.reflect.TypeToken::get (9 bytes)
Event: 12.562 Thread 0x000001c9eec08900 nmethod 2462 0x000001c9dbab5110 code [0x000001c9dbab52c0, 0x000001c9dbab5448]
Event: 12.563 Thread 0x000001c9eec08900 2463       3       java.util.regex.Pattern$Node::study (21 bytes)
Event: 12.564 Thread 0x000001c9eec08900 nmethod 2463 0x000001c9dbab5510 code [0x000001c9dbab56c0, 0x000001c9dbab5908]
Event: 12.564 Thread 0x000001c9eec08900 2464   !   3       org.testng.shaded.com.google.gson.Gson::getAdapter (267 bytes)

GC Heap History (4 events):
Event: 1.370 GC heap before
{Heap before GC invocations=0 (full 0):
 garbage-first heap   total 120832K, used 26624K [0x00000000e0000000, 0x0000000100000000)
  region size 1024K, 23 young (23552K), 0 survivors (0K)
 Metaspace       used 14774K, committed 15040K, reserved 1064960K
  class space    used 1476K, committed 1600K, reserved 1048576K
}
Event: 1.378 GC heap after
{Heap after GC invocations=1 (full 0):
 garbage-first heap   total 120832K, used 10832K [0x00000000e0000000, 0x0000000100000000)
  region size 1024K, 3 young (3072K), 3 survivors (3072K)
 Metaspace       used 14774K, committed 15040K, reserved 1064960K
  class space    used 1476K, committed 1600K, reserved 1048576K
}
Event: 2.060 GC heap before
{Heap before GC invocations=1 (full 0):
 garbage-first heap   total 120832K, used 29264K [0x00000000e0000000, 0x0000000100000000)
  region size 1024K, 22 young (22528K), 3 survivors (3072K)
 Metaspace       used 21260K, committed 21504K, reserved 1073152K
  class space    used 2245K, committed 2368K, reserved 1048576K
}
Event: 2.067 GC heap after
{Heap after GC invocations=2 (full 0):
 garbage-first heap   total 120832K, used 13956K [0x00000000e0000000, 0x0000000100000000)
  region size 1024K, 4 young (4096K), 4 survivors (4096K)
 Metaspace       used 21260K, committed 21504K, reserved 1073152K
  class space    used 2245K, committed 2368K, reserved 1048576K
}

Dll operation events (6 events):
Event: 0.015 Loaded shared library C:\Users\aisha\.p2\pool\plugins\org.eclipse.justj.openjdk.hotspot.jre.full.win32.x86_64_17.0.5.v20221102-0933\jre\bin\java.dll
Event: 0.272 Loaded shared library C:\Users\aisha\.p2\pool\plugins\org.eclipse.justj.openjdk.hotspot.jre.full.win32.x86_64_17.0.5.v20221102-0933\jre\bin\net.dll
Event: 0.275 Loaded shared library C:\Users\aisha\.p2\pool\plugins\org.eclipse.justj.openjdk.hotspot.jre.full.win32.x86_64_17.0.5.v20221102-0933\jre\bin\nio.dll
Event: 0.292 Loaded shared library C:\Users\aisha\.p2\pool\plugins\org.eclipse.justj.openjdk.hotspot.jre.full.win32.x86_64_17.0.5.v20221102-0933\jre\bin\zip.dll
Event: 0.552 Loaded shared library C:\Users\aisha\.p2\pool\plugins\org.eclipse.justj.openjdk.hotspot.jre.full.win32.x86_64_17.0.5.v20221102-0933\jre\bin\jimage.dll
Event: 1.988 Loaded shared library C:\Users\aisha\.p2\pool\plugins\org.eclipse.justj.openjdk.hotspot.jre.full.win32.x86_64_17.0.5.v20221102-0933\jre\bin\sunmscapi.dll

Deoptimization events (20 events):
Event: 2.036 Thread 0x000001c9d79d7140 Uncommon trap: trap_request=0xffffffc6 fr.pc=0x000001c9e2be35ac relative=0x00000000000013ec
Event: 2.036 Thread 0x000001c9d79d7140 Uncommon trap: reason=bimorphic_or_optimized_type_check action=maybe_recompile pc=0x000001c9e2be35ac method=java.util.HashMap.putVal(ILjava/lang/Object;Ljava/lang/Object;ZZ)Ljava/lang/Object; @ 56 c2
Event: 2.036 Thread 0x000001c9d79d7140 DEOPT PACKING pc=0x000001c9e2be35ac sp=0x000000aa68dfb660
Event: 2.036 Thread 0x000001c9d79d7140 DEOPT UNPACKING pc=0x000001c9db0d23a3 sp=0x000000aa68dfb5e8 mode 2
Event: 2.036 Thread 0x000001c9d79d7140 Uncommon trap: trap_request=0xffffffc6 fr.pc=0x000001c9e2be35ac relative=0x00000000000013ec
Event: 2.036 Thread 0x000001c9d79d7140 Uncommon trap: reason=bimorphic_or_optimized_type_check action=maybe_recompile pc=0x000001c9e2be35ac method=java.util.HashMap.putVal(ILjava/lang/Object;Ljava/lang/Object;ZZ)Ljava/lang/Object; @ 56 c2
Event: 2.036 Thread 0x000001c9d79d7140 DEOPT PACKING pc=0x000001c9e2be35ac sp=0x000000aa68dfb660
Event: 2.036 Thread 0x000001c9d79d7140 DEOPT UNPACKING pc=0x000001c9db0d23a3 sp=0x000000aa68dfb5e8 mode 2
Event: 2.250 Thread 0x000001c9d79d7140 Uncommon trap: trap_request=0xffffff45 fr.pc=0x000001c9e2bd2c74 relative=0x0000000000005334
Event: 2.250 Thread 0x000001c9d79d7140 Uncommon trap: reason=unstable_if action=reinterpret pc=0x000001c9e2bd2c74 method=jdk.internal.org.objectweb.asm.Type.getArgumentsAndReturnSizes(Ljava/lang/String;)I @ 123 c2
Event: 2.250 Thread 0x000001c9d79d7140 DEOPT PACKING pc=0x000001c9e2bd2c74 sp=0x000000aa68dfb980
Event: 2.250 Thread 0x000001c9d79d7140 DEOPT UNPACKING pc=0x000001c9db0d23a3 sp=0x000000aa68dfb838 mode 2
Event: 3.773 Thread 0x000001c9d79d7140 Uncommon trap: trap_request=0xffffff45 fr.pc=0x000001c9e2be519c relative=0x0000000000000efc
Event: 3.773 Thread 0x000001c9d79d7140 Uncommon trap: reason=unstable_if action=reinterpret pc=0x000001c9e2be519c method=java.util.concurrent.ConcurrentHashMap.putVal(Ljava/lang/Object;Ljava/lang/Object;Z)Ljava/lang/Object; @ 231 c2
Event: 3.773 Thread 0x000001c9d79d7140 DEOPT PACKING pc=0x000001c9e2be519c sp=0x000000aa68dfd480
Event: 3.773 Thread 0x000001c9d79d7140 DEOPT UNPACKING pc=0x000001c9db0d23a3 sp=0x000000aa68dfd3f0 mode 2
Event: 6.470 Thread 0x000001c9d79d7140 Uncommon trap: trap_request=0xffffff45 fr.pc=0x000001c9e2c17954 relative=0x0000000000004b54
Event: 6.470 Thread 0x000001c9d79d7140 Uncommon trap: reason=unstable_if action=reinterpret pc=0x000001c9e2c17954 method=java.lang.invoke.MethodType.makeImpl(Ljava/lang/Class;[Ljava/lang/Class;Z)Ljava/lang/invoke/MethodType; @ 47 c2
Event: 6.470 Thread 0x000001c9d79d7140 DEOPT PACKING pc=0x000001c9e2c17954 sp=0x000000aa68dfd1d0
Event: 6.470 Thread 0x000001c9d79d7140 DEOPT UNPACKING pc=0x000001c9db0d23a3 sp=0x000000aa68dfd200 mode 2

Classes unloaded (0 events):
No events

Classes redefined (0 events):
No events

Internal exceptions (20 events):
Event: 2.126 Thread 0x000001c9d79d7140 Exception <a 'java/lang/NoSuchMethodError'{0x00000000e30012e8}: 'void java.lang.invoke.DirectMethodHandle$Holder.invokeStatic(java.lang.Object, long)'> (0x00000000e30012e8) 
thrown [s\src\hotspot\share\interpreter\linkResolver.cpp, line 759]
Event: 2.127 Thread 0x000001c9d79d7140 Exception <a 'java/lang/NoSuchMethodError'{0x00000000e3006938}: 'java.lang.Object java.lang.invoke.DirectMethodHandle$Holder.newInvokeSpecial(java.lang.Object, long)'> (0x00000000e3006938) 
thrown [s\src\hotspot\share\interpreter\linkResolver.cpp, line 759]
Event: 2.130 Thread 0x000001c9d79d7140 Exception <a 'java/lang/NoSuchMethodError'{0x00000000e300d250}: 'java.lang.Object java.lang.invoke.DirectMethodHandle$Holder.invokeStatic(java.lang.Object, java.lang.Object, long, java.lang.Object)'> (0x00000000e300d250) 
thrown [s\src\hotspot\share\interpreter\linkResolver.cpp, line 759]
Event: 2.130 Thread 0x000001c9d79d7140 Exception <a 'java/lang/NoSuchMethodError'{0x00000000e3010ce8}: 'java.lang.Object java.lang.invoke.DirectMethodHandle$Holder.invokeStaticInit(java.lang.Object, java.lang.Object, long, java.lang.Object)'> (0x00000000e3010ce8) 
thrown [s\src\hotspot\share\interpreter\linkResolver.cpp, line 759]
Event: 2.131 Thread 0x000001c9d79d7140 Exception <a 'java/lang/NoSuchMethodError'{0x00000000e3017018}: 'java.lang.Object java.lang.invoke.DirectMethodHandle$Holder.newInvokeSpecial(java.lang.Object, java.lang.Object, long)'> (0x00000000e3017018) 
thrown [s\src\hotspot\share\interpreter\linkResolver.cpp, line 759]
Event: 2.172 Thread 0x000001c9efb31e30 Exception <a 'java/net/ConnectException'{0x00000000e30e4bf8}: Connection refused: no further information> (0x00000000e30e4bf8) 
thrown [s\src\hotspot\share\prims\jni.cpp, line 535]
Event: 2.173 Thread 0x000001c9efb31e30 Exception <a 'java/net/SocketException'{0x00000000e30e4f30}: Socket is not connected: shutdown> (0x00000000e30e4f30) 
thrown [s\src\hotspot\share\prims\jni.cpp, line 535]
Event: 2.188 Thread 0x000001c9efb31e30 Exception <a 'java/net/ConnectException'{0x00000000e30e5ea8}: Connection refused: no further information> (0x00000000e30e5ea8) 
thrown [s\src\hotspot\share\prims\jni.cpp, line 535]
Event: 2.188 Thread 0x000001c9efb31e30 Exception <a 'java/net/SocketException'{0x00000000e30e61e0}: Socket is not connected: shutdown> (0x00000000e30e61e0) 
thrown [s\src\hotspot\share\prims\jni.cpp, line 535]
Event: 2.250 Thread 0x000001c9d79d7140 Exception <a 'java/lang/NoSuchMethodError'{0x00000000e2f210f0}: 'double java.lang.invoke.DirectMethodHandle$Holder.invokeVirtual(java.lang.Object, java.lang.Object)'> (0x00000000e2f210f0) 
thrown [s\src\hotspot\share\interpreter\linkResolver.cpp, line 759]
Event: 2.251 Thread 0x000001c9d79d7140 Exception <a 'java/lang/NoSuchMethodError'{0x00000000e2f27898}: 'float java.lang.invoke.DirectMethodHandle$Holder.invokeVirtual(java.lang.Object, java.lang.Object)'> (0x00000000e2f27898) 
thrown [s\src\hotspot\share\interpreter\linkResolver.cpp, line 759]
Event: 2.253 Thread 0x000001c9d79d7140 Exception <a 'java/lang/NoSuchMethodError'{0x00000000e2f30878}: 'long java.lang.invoke.DirectMethodHandle$Holder.invokeVirtual(java.lang.Object, java.lang.Object)'> (0x00000000e2f30878) 
thrown [s\src\hotspot\share\interpreter\linkResolver.cpp, line 759]
Event: 2.293 Thread 0x000001c9d79d7140 Exception <a 'java/lang/NoSuchMethodError'{0x00000000e2e7c518}: 'java.lang.Object java.lang.invoke.DirectMethodHandle$Holder.newInvokeSpecial(java.lang.Object, java.lang.Object, int, int)'> (0x00000000e2e7c518) 
thrown [s\src\hotspot\share\interpreter\linkResolver.cpp, line 759]
Event: 2.294 Thread 0x000001c9d79d7140 Exception <a 'java/lang/NoSuchMethodError'{0x00000000e2d07110}: 'void java.lang.invoke.DirectMethodHandle$Holder.invokeStatic(java.lang.Object, java.lang.Object, int)'> (0x00000000e2d07110) 
thrown [s\src\hotspot\share\interpreter\linkResolver.cpp, line 759]
Event: 2.402 Thread 0x000001c9efb327d0 Exception <a 'java/lang/NoSuchMethodError'{0x00000000e2a50428}: 'java.lang.Object java.lang.invoke.DirectMethodHandle$Holder.invokeSpecial(java.lang.Object, java.lang.Object, java.lang.Object, java.lang.Object, int)'> (0x00000000e2a50428) 
thrown [s\src\hotspot\share\interpreter\linkResolver.cpp, line 759]
Event: 2.402 Thread 0x000001c9efb327d0 Exception <a 'java/lang/NoSuchMethodError'{0x00000000e2a53ff0}: 'java.lang.Object java.lang.invoke.Invokers$Holder.linkToTargetMethod(java.lang.Object, java.lang.Object, int, java.lang.Object)'> (0x00000000e2a53ff0) 
thrown [s\src\hotspot\share\interpreter\linkResolver.cpp, line 759]
Event: 2.435 Thread 0x000001c9efb327d0 Exception <a 'java/lang/NoSuchMethodError'{0x00000000e299bcf8}: 'void java.lang.invoke.DirectMethodHandle$Holder.invokeSpecial(java.lang.Object, java.lang.Object, java.lang.Object, java.lang.Object, java.lang.Object)'> (0x00000000e299bcf8) 
thrown [s\src\hotspot\share\interpreter\linkResolver.cpp, line 759]
Event: 3.690 Thread 0x000001c9efb327d0 Exception <a 'java/lang/NoSuchMethodError'{0x00000000e2745420}: 'java.lang.Object java.lang.invoke.DirectMethodHandle$Holder.newInvokeSpecial(java.lang.Object, java.lang.Object, long, java.lang.Object, java.lang.Object, java.lang.Object)'> (0x00000000e2745420) 
thrown [s\src\hotspot\share\interpreter\linkResolver.cpp, line 759]
Event: 3.700 Thread 0x000001c9efb327d0 Exception <a 'java/lang/NoSuchMethodError'{0x00000000e276a7a0}: 'void java.lang.invoke.DirectMethodHandle$Holder.invokeSpecial(java.lang.Object, java.lang.Object, java.lang.Object, java.lang.Object, java.lang.Object, java.lang.Object, java.lang.Object)'> (0x00000000e276a7a0) 
thrown [s\src\hotspot\share\interpreter\linkResolver.cpp, line 759]
Event: 3.724 Thread 0x000001c9d79d7140 Exception <a 'java/lang/NoSuchMethodError'{0x00000000e27eb6e0}: 'java.lang.Object java.lang.invoke.DirectMethodHandle$Holder.invokeSpecialIFC(java.lang.Object, java.lang.Object, java.lang.Object)'> (0x00000000e27eb6e0) 
thrown [s\src\hotspot\share\interpreter\linkResolver.cpp, line 759]

VM Operations (20 events):
Event: 2.078 Executing VM operation: G1Concurrent
Event: 2.080 Executing VM operation: G1Concurrent done
Event: 2.224 Executing VM operation: HandshakeAllThreads
Event: 2.224 Executing VM operation: HandshakeAllThreads done
Event: 2.225 Executing VM operation: HandshakeAllThreads
Event: 2.225 Executing VM operation: HandshakeAllThreads done
Event: 2.226 Executing VM operation: HandshakeAllThreads
Event: 2.226 Executing VM operation: HandshakeAllThreads done
Event: 3.231 Executing VM operation: Cleanup
Event: 3.231 Executing VM operation: Cleanup done
Event: 3.667 Executing VM operation: HandshakeAllThreads
Event: 3.667 Executing VM operation: HandshakeAllThreads done
Event: 4.672 Executing VM operation: Cleanup
Event: 4.672 Executing VM operation: Cleanup done
Event: 6.680 Executing VM operation: Cleanup
Event: 6.680 Executing VM operation: Cleanup done
Event: 7.690 Executing VM operation: Cleanup
Event: 7.690 Executing VM operation: Cleanup done
Event: 11.723 Executing VM operation: Cleanup
Event: 11.723 Executing VM operation: Cleanup done

Events (20 events):
Event: 3.830 loading class java/util/concurrent/locks/ReentrantReadWriteLock$ReadLock done
Event: 3.830 loading class java/util/concurrent/locks/ReentrantReadWriteLock$WriteLock
Event: 3.831 loading class java/util/concurrent/locks/ReentrantReadWriteLock$WriteLock done
Event: 3.848 loading class sun/net/www/HeaderParser
Event: 3.848 loading class sun/net/www/HeaderParser done
Event: 6.462 loading class java/lang/annotation/ElementType
Event: 6.462 loading class java/lang/annotation/ElementType done
Event: 6.473 loading class java/util/AbstractList$ListItr
Event: 6.473 loading class java/util/AbstractList$ListItr done
Event: 6.496 loading class java/net/URLEncoder
Event: 6.496 loading class java/net/URLEncoder done
Event: 6.496 loading class java/io/CharArrayWriter
Event: 6.496 loading class java/io/CharArrayWriter done
Event: 6.627 loading class java/util/LinkedList$LLSpliterator
Event: 6.628 loading class java/util/LinkedList$LLSpliterator done
Event: 7.240 Thread 0x000001c9efb33fe0 Thread exited: 0x000001c9efb33fe0
Event: 11.590 loading class jdk/internal/reflect/UnsafeLongFieldAccessorImpl
Event: 11.590 loading class jdk/internal/reflect/UnsafeLongFieldAccessorImpl done
Event: 11.615 loading class java/util/concurrent/ConcurrentLinkedQueue$Itr
Event: 11.615 loading class java/util/concurrent/ConcurrentLinkedQueue$Itr done


Dynamic libraries:
0x00007ff65f2e0000 - 0x00007ff65f2ee000 	C:\Users\aisha\.p2\pool\plugins\org.eclipse.justj.openjdk.hotspot.jre.full.win32.x86_64_17.0.5.v20221102-0933\jre\bin\javaw.exe
0x00007ffc35250000 - 0x00007ffc35467000 	C:\WINDOWS\SYSTEM32\ntdll.dll
0x00007ffc33c70000 - 0x00007ffc33d34000 	C:\WINDOWS\System32\KERNEL32.DLL
0x00007ffc32930000 - 0x00007ffc32cd6000 	C:\WINDOWS\System32\KERNELBASE.dll
0x00007ffc32ce0000 - 0x00007ffc32df1000 	C:\WINDOWS\System32\ucrtbase.dll
0x00007ffc2f7a0000 - 0x00007ffc2f7b7000 	C:\Users\aisha\.p2\pool\plugins\org.eclipse.justj.openjdk.hotspot.jre.full.win32.x86_64_17.0.5.v20221102-0933\jre\bin\jli.dll
0x00007ffc1e310000 - 0x00007ffc1e329000 	C:\Users\aisha\.p2\pool\plugins\org.eclipse.justj.openjdk.hotspot.jre.full.win32.x86_64_17.0.5.v20221102-0933\jre\bin\VCRUNTIME140.dll
0x00007ffc34240000 - 0x00007ffc343ed000 	C:\WINDOWS\System32\USER32.dll
0x00007ffc325d0000 - 0x00007ffc325f6000 	C:\WINDOWS\System32\win32u.dll
0x00007ffc33d40000 - 0x00007ffc33d69000 	C:\WINDOWS\System32\GDI32.dll
0x00007ffc32810000 - 0x00007ffc32928000 	C:\WINDOWS\System32\gdi32full.dll
0x00007ffc18960000 - 0x00007ffc18bf3000 	C:\WINDOWS\WinSxS\amd64_microsoft.windows.common-controls_6595b64144ccf1df_6.0.22621.2361_none_2712ced57382f843\COMCTL32.dll
0x00007ffc35160000 - 0x00007ffc35207000 	C:\WINDOWS\System32\msvcrt.dll
0x00007ffc32600000 - 0x00007ffc3269a000 	C:\WINDOWS\System32\msvcp_win.dll
0x00007ffc330d0000 - 0x00007ffc33101000 	C:\WINDOWS\System32\IMM32.DLL
0x00007ffc2f790000 - 0x00007ffc2f79c000 	C:\Users\aisha\.p2\pool\plugins\org.eclipse.justj.openjdk.hotspot.jre.full.win32.x86_64_17.0.5.v20221102-0933\jre\bin\vcruntime140_1.dll
0x00007ffc16fc0000 - 0x00007ffc17051000 	C:\Users\aisha\.p2\pool\plugins\org.eclipse.justj.openjdk.hotspot.jre.full.win32.x86_64_17.0.5.v20221102-0933\jre\bin\msvcp140.dll
0x00007ffbb5350000 - 0x00007ffbb5f94000 	C:\Users\aisha\.p2\pool\plugins\org.eclipse.justj.openjdk.hotspot.jre.full.win32.x86_64_17.0.5.v20221102-0933\jre\bin\server\jvm.dll
0x00007ffc34fb0000 - 0x00007ffc35060000 	C:\WINDOWS\System32\ADVAPI32.dll
0x00007ffc33360000 - 0x00007ffc33406000 	C:\WINDOWS\System32\sechost.dll
0x00007ffc32fb0000 - 0x00007ffc330c7000 	C:\WINDOWS\System32\RPCRT4.dll
0x00007ffc2b7c0000 - 0x00007ffc2b7ca000 	C:\WINDOWS\SYSTEM32\VERSION.dll
0x00007ffc2dce0000 - 0x00007ffc2dd14000 	C:\WINDOWS\SYSTEM32\WINMM.dll
0x00007ffc2ba40000 - 0x00007ffc2ba49000 	C:\WINDOWS\SYSTEM32\WSOCK32.dll
0x00007ffc33190000 - 0x00007ffc33201000 	C:\WINDOWS\System32\WS2_32.dll
0x00007ffc31610000 - 0x00007ffc31628000 	C:\WINDOWS\SYSTEM32\kernel.appcore.dll
0x00007ffc2f780000 - 0x00007ffc2f78a000 	C:\Users\aisha\.p2\pool\plugins\org.eclipse.justj.openjdk.hotspot.jre.full.win32.x86_64_17.0.5.v20221102-0933\jre\bin\jimage.dll
0x00007ffc275c0000 - 0x00007ffc277ee000 	C:\WINDOWS\SYSTEM32\DBGHELP.DLL
0x00007ffc33eb0000 - 0x00007ffc3423a000 	C:\WINDOWS\System32\combase.dll
0x00007ffc34400000 - 0x00007ffc344d7000 	C:\WINDOWS\System32\OLEAUT32.dll
0x00007ffc25930000 - 0x00007ffc25962000 	C:\WINDOWS\SYSTEM32\dbgcore.DLL
0x00007ffc32ec0000 - 0x00007ffc32f3a000 	C:\WINDOWS\System32\bcryptPrimitives.dll
0x00007ffc25080000 - 0x00007ffc250a5000 	C:\Users\aisha\.p2\pool\plugins\org.eclipse.justj.openjdk.hotspot.jre.full.win32.x86_64_17.0.5.v20221102-0933\jre\bin\java.dll
0x00007ffc2bbe0000 - 0x00007ffc2bbf8000 	C:\Users\aisha\.p2\pool\plugins\org.eclipse.justj.openjdk.hotspot.jre.full.win32.x86_64_17.0.5.v20221102-0933\jre\bin\zip.dll
0x00007ffc33410000 - 0x00007ffc33c68000 	C:\WINDOWS\System32\SHELL32.dll
0x00007ffc30530000 - 0x00007ffc30e22000 	C:\WINDOWS\SYSTEM32\windows.storage.dll
0x00007ffc303f0000 - 0x00007ffc3052e000 	C:\WINDOWS\SYSTEM32\wintypes.dll
0x00007ffc34500000 - 0x00007ffc345f3000 	C:\WINDOWS\System32\SHCORE.dll
0x00007ffc33e50000 - 0x00007ffc33eae000 	C:\WINDOWS\System32\shlwapi.dll
0x00007ffc32500000 - 0x00007ffc32526000 	C:\WINDOWS\SYSTEM32\profapi.dll
0x00007ffc28e50000 - 0x00007ffc28e69000 	C:\Users\aisha\.p2\pool\plugins\org.eclipse.justj.openjdk.hotspot.jre.full.win32.x86_64_17.0.5.v20221102-0933\jre\bin\net.dll
0x00007ffc2ed40000 - 0x00007ffc2ee77000 	C:\WINDOWS\SYSTEM32\WINHTTP.dll
0x00007ffc31a90000 - 0x00007ffc31af9000 	C:\WINDOWS\system32\mswsock.dll
0x00007ffc25610000 - 0x00007ffc25625000 	C:\Users\aisha\.p2\pool\plugins\org.eclipse.justj.openjdk.hotspot.jre.full.win32.x86_64_17.0.5.v20221102-0933\jre\bin\nio.dll
0x00007ffc31100000 - 0x00007ffc311f9000 	C:\WINDOWS\SYSTEM32\DNSAPI.dll
0x00007ffc31090000 - 0x00007ffc310bd000 	C:\WINDOWS\SYSTEM32\IPHLPAPI.DLL
0x00007ffc34d70000 - 0x00007ffc34d79000 	C:\WINDOWS\System32\NSI.dll
0x00007ffc2c0a0000 - 0x00007ffc2c0aa000 	C:\Windows\System32\rasadhlp.dll
0x00007ffc2daf0000 - 0x00007ffc2db74000 	C:\WINDOWS\System32\fwpuclnt.dll
0x00007ffc31ce0000 - 0x00007ffc31cfb000 	C:\WINDOWS\SYSTEM32\CRYPTSP.dll
0x00007ffc31570000 - 0x00007ffc315a5000 	C:\WINDOWS\system32\rsaenh.dll
0x00007ffc31b80000 - 0x00007ffc31bac000 	C:\WINDOWS\SYSTEM32\USERENV.dll
0x00007ffc31f10000 - 0x00007ffc31f38000 	C:\WINDOWS\SYSTEM32\bcrypt.dll
0x00007ffc31d00000 - 0x00007ffc31d0c000 	C:\WINDOWS\SYSTEM32\CRYPTBASE.dll
0x00007ffc2ec70000 - 0x00007ffc2ec89000 	C:\WINDOWS\SYSTEM32\dhcpcsvc6.DLL
0x00007ffc2eb10000 - 0x00007ffc2eb2f000 	C:\WINDOWS\SYSTEM32\dhcpcsvc.DLL
0x00007ffc24ff0000 - 0x00007ffc24ffe000 	C:\Users\aisha\.p2\pool\plugins\org.eclipse.justj.openjdk.hotspot.jre.full.win32.x86_64_17.0.5.v20221102-0933\jre\bin\sunmscapi.dll
0x00007ffc326a0000 - 0x00007ffc32806000 	C:\WINDOWS\System32\CRYPT32.dll
0x00007ffc31ee0000 - 0x00007ffc31f0d000 	C:\WINDOWS\SYSTEM32\ncrypt.dll
0x00007ffc31ea0000 - 0x00007ffc31ed7000 	C:\WINDOWS\SYSTEM32\NTASN1.dll
0x00007ffc191b0000 - 0x00007ffc191b8000 	C:\WINDOWS\system32\wshunix.dll

dbghelp: loaded successfully - version: 4.0.5 - missing functions: none
symbol engine: initialized successfully - sym options: 0x614 - pdb path: .;C:\Users\aisha\.p2\pool\plugins\org.eclipse.justj.openjdk.hotspot.jre.full.win32.x86_64_17.0.5.v20221102-0933\jre\bin;C:\WINDOWS\SYSTEM32;C:\WINDOWS\WinSxS\amd64_microsoft.windows.common-controls_6595b64144ccf1df_6.0.22621.2361_none_2712ced57382f843;C:\Users\aisha\.p2\pool\plugins\org.eclipse.justj.openjdk.hotspot.jre.full.win32.x86_64_17.0.5.v20221102-0933\jre\bin\server

VM Arguments:
jvm_args: -ea -Dfile.encoding=UTF-8 -XX:+ShowCodeDetailsInExceptionMessages -Xmx512M 
java_command: org.testng.remote.RemoteTestNG -serport 60324 -protocol json -d C:\Users\aisha\eclipse-workspace\qa\test-output C:\Users\aisha\AppData\Local\Temp\testng-eclipse-1917419154\testng-customsuite.xml
java_class_path (initial): C:\Users\aisha\eclipse\java-2022-12\eclipse\configuration\org.eclipse.osgi\446\0\.cp\lib\testng-remote.jar;C:\Users\aisha\eclipse-workspace\qa\target\test-classes;C:\Users\aisha\eclipse-workspace\qa\target\classes;C:\Users\aisha\.m2\repository\org\seleniumhq\selenium\selenium-java\4.17.0\selenium-java-4.17.0.jar;C:\Users\aisha\.m2\repository\org\seleniumhq\selenium\selenium-api\4.17.0\selenium-api-4.17.0.jar;C:\Users\aisha\.m2\repository\org\seleniumhq\selenium\selenium-chrome-driver\4.17.0\selenium-chrome-driver-4.17.0.jar;C:\Users\aisha\.m2\repository\com\google\auto\service\auto-service-annotations\1.1.1\auto-service-annotations-1.1.1.jar;C:\Users\aisha\.m2\repository\org\seleniumhq\selenium\selenium-chromium-driver\4.17.0\selenium-chromium-driver-4.17.0.jar;C:\Users\aisha\.m2\repository\org\seleniumhq\selenium\selenium-json\4.17.0\selenium-json-4.17.0.jar;C:\Users\aisha\.m2\repository\org\seleniumhq\selenium\selenium-manager\4.17.0\selenium-manager-4.17.0.jar;C:\Users\aisha\.m2\repository\org\seleniumhq\selenium\selenium-devtools-v119\4.17.0\selenium-devtools-v119-4.17.0.jar;C:\Users\aisha\.m2\repository\org\seleniumhq\selenium\selenium-devtools-v120\4.17.0\selenium-devtools-v120-4.17.0.jar;C:\Users\aisha\.m2\repository\org\seleniumhq\selenium\selenium-devtools-v121\4.17.0\selenium-devtools-v121-4.17.0.jar;C:\Users\aisha\.m2\repository\org\seleniumhq\selenium\selenium-devtools-v85\4.17.0\selenium-devtools-v85-4.17.0.jar;C:\Users\aisha\.m2\repository\org\seleniumhq\selenium\selenium-edge-driver\4.17.0\selenium-edge-driver-4.17.0.jar;C:\Users\aisha\.m2\repository\org\seleniumhq\selenium\selenium-firefox-driver\4.17.0\selenium-firefox-driver-4.17.0.jar;C:\Users\aisha\.m2\repository\org\seleniumhq\selenium\selenium-http\4.17.0\selenium-http-4.17.0.jar;C:\Users\aisha\.m2\repository\dev\failsafe\failsafe\3.3.2\failsafe-3.3.2.jar;C:\Users\aisha\.m2\repository\org\seleniumhq\selenium\selenium-ie-driver\4.17.0\selenium-ie-driver-4.17.0.jar;C:
Launcher Type: SUN_STANDARD

[Global flags]
     intx CICompilerCount                          = 4                                         {product} {ergonomic}
     uint ConcGCThreads                            = 2                                         {product} {ergonomic}
     uint G1ConcRefinementThreads                  = 8                                         {product} {ergonomic}
   size_t G1HeapRegionSize                         = 1048576                                   {product} {ergonomic}
    uintx GCDrainStackTargetSize                   = 64                                        {product} {ergonomic}
   size_t InitialHeapSize                          = 123731968                                 {product} {ergonomic}
   size_t MarkStackSize                            = 4194304                                   {product} {ergonomic}
   size_t MaxHeapSize                              = 536870912                                 {product} {command line}
   size_t MaxNewSize                               = 321912832                                 {product} {ergonomic}
   size_t MinHeapDeltaBytes                        = 1048576                                   {product} {ergonomic}
   size_t MinHeapSize                              = 8388608                                   {product} {ergonomic}
    uintx NonNMethodCodeHeapSize                   = 5839372                                {pd product} {ergonomic}
    uintx NonProfiledCodeHeapSize                  = 122909434                              {pd product} {ergonomic}
    uintx ProfiledCodeHeapSize                     = 122909434                              {pd product} {ergonomic}
    uintx ReservedCodeCacheSize                    = 251658240                              {pd product} {ergonomic}
     bool SegmentedCodeCache                       = true                                      {product} {ergonomic}
     bool ShowCodeDetailsInExceptionMessages       = true                                   {manageable} {command line}
   size_t SoftMaxHeapSize                          = 536870912                              {manageable} {ergonomic}
     bool UseCompressedClassPointers               = true                           {product lp64_product} {ergonomic}
     bool UseCompressedOops                        = true                           {product lp64_product} {ergonomic}
     bool UseG1GC                                  = true                                      {product} {ergonomic}
     bool UseLargePagesIndividualAllocation        = false                                  {pd product} {ergonomic}

Logging:
Log output configuration:
 #0: stdout all=warning uptime,level,tags
 #1: stderr all=off uptime,level,tags

Environment Variables:
JAVA_HOME=C:\Program Files\Java\jdk-21\bin
_JAVA_OPTIONS=-Xmx512M
PATH=C:/Users/aisha/.p2/pool/plugins/org.eclipse.justj.openjdk.hotspot.jre.full.win32.x86_64_17.0.5.v20221102-0933/jre/bin/server;C:/Users/aisha/.p2/pool/plugins/org.eclipse.justj.openjdk.hotspot.jre.full.win32.x86_64_17.0.5.v20221102-0933/jre/bin;C:\WINDOWS\system32;C:\WINDOWS;C:\WINDOWS\System32\Wbem;C:\WINDOWS\System32\WindowsPowerShell\v1.0\;C:\WINDOWS\System32\OpenSSH\;C:\Program Files\Java\jdk-21\bin;C:\Users\aisha\AppData\Local\Microsoft\WindowsApps;;C:\Users\aisha\eclipse\java-2022-12\eclipse;
USERNAME=aisha
OS=Windows_NT
PROCESSOR_IDENTIFIER=AMD64 Family 23 Model 104 Stepping 1, AuthenticAMD
TMP=C:\Users\aisha\AppData\Local\Temp
TEMP=C:\Users\aisha\AppData\Local\Temp



---------------  S Y S T E M  ---------------

OS:
 Windows 11 , 64 bit Build 22621 (10.0.22621.2428)
OS uptime: 14 days 8:09 hours

CPU: total 8 (initial active 8) (8 cores per cpu, 2 threads per core) family 23 model 104 stepping 1 microcode 0x0, cx8, cmov, fxsr, ht, mmx, 3dnowpref, sse, sse2, sse3, ssse3, sse4a, sse4.1, sse4.2, popcnt, lzcnt, tsc, tscinvbit, avx, avx2, aes, clmul, bmi1, bmi2, adx, sha, fma, vzeroupper, clflush, clflushopt

Memory: 4k page, system-wide physical 7502M (609M free)
TotalPageFile size 30030M (AvailPageFile size 4M)
current process WorkingSet (physical memory assigned to process): 120M, peak: 125M
current process commit charge ("private bytes"): 175M, peak: 243M

vm_info: OpenJDK 64-Bit Server VM (17.0.5+8) for windows-amd64 JRE (17.0.5+8), built on Oct 19 2022 04:48:13 by "temurin" with MS VC++ 16.7 (VS2019)

END.
